commit 8afa95dbaabb3d7471f2a877f439459019a9338b
Author: Nicccccccccccccooolllllllllllllllle <banach-tarski@posteo.net>
Date:   Fri Aug 19 19:36:24 2016 +0200

    push-me commit on 2016-08-19 19:36

commit 2e82d9941cc54d08fd8d7c8960cc73213e0b52f5
Author: Nicccccccccccccooolllllllllllllllle <banach-tarski@posteo.net>
Date:   Fri Aug 19 19:12:38 2016 +0200

    push-me

commit 9b681ac41754d96c60d5d6cf60320bcaac0137c5
Author: Nicccccccccccccooolllllllllllllllle <banach-tarski@posteo.net>
Date:   Fri Aug 19 19:06:26 2016 +0200

    testing

commit 1327d0fae1bfcc4f2347297c12f5fce7eabc7561
Author: Nicccccccccccccooolllllllllllllllle <banach-tarski@posteo.net>
Date:   Fri Aug 19 19:04:42 2016 +0200

    testing

commit b4c20be2062b1368d8e87d2b081e264f75285f11
Author: Nicccccccccccccooolllllllllllllllle <banach-tarski@posteo.net>
Date:   Fri Aug 19 18:33:38 2016 +0200

    ´push-me

commit 8a768640404cda33f5c9b344164164da802ed1e6
Author: Nicccccccccccccooolllllllllllllllle <banach-tarski@posteo.net>
Date:   Fri Aug 19 18:26:17 2016 +0200

    push-me

commit b6ffc8aca7263b5fba726646507ac82518d2d48f
Author: Nicccccccccccccooolllllllllllllllle <voec@users.noreply.github.com>
Date:   Fri Aug 19 16:36:16 2016 +0200

    Update README.md

commit 44ae9f7a5e9786ec4dedc2cf3a5649af5a87318a
Author: Nicccccccccccccooolllllllllllllllle <banach-tarski@posteo.net>
Date:   Wed Aug 17 21:10:38 2016 +0200

    Updated  Submodule

commit a63e2239b5ecfc0fb656dbdeecebd9b6d8adb752
Author: Nicccccccccccccooolllllllllllllllle <voec@users.noreply.github.com>
Date:   Wed Aug 17 20:08:13 2016 +0200

    Update README.md

commit 0e319d2fb4623aa2d19ec898c84b5f291c7f9050
Author: Nicccccccccccccooolllllllllllllllle <banach-tarski@posteo.net>
Date:   Wed Aug 17 18:15:52 2016 +0200

    auto-commit on 2016-08-17 18:15:52

commit 3304544ae268f0e2817d30cae8d8a2876adfb95c
Author: Nicccccccccccccooolllllllllllllllle <voec@users.noreply.github.com>
Date:   Wed Aug 17 18:15:23 2016 +0200

    Create README.md

commit 0f9d0d56c6201b523560d8ff827864c7c5b82125
Author: Nicccccccccccccooolllllllllllllllle <banach-tarski@posteo.net>
Date:   Wed Aug 17 17:51:33 2016 +0200

    auto-commit on 2016-08-17 17:51:33

commit e2ed34c1269be9870420d778cb6edc2cc76f680c
Author: Nicccccccccccccooolllllllllllllllle <banach-tarski@posteo.net>
Date:   Wed Aug 17 17:51:14 2016 +0200

    auto-commit on 2016-08-17 17:51:14

commit c0858fb29d951e524aa5fb65fade34f426d71db7
Author: Nicccccccccccccooolllllllllllllllle <banach-tarski@posteo.net>
Date:   Wed Aug 17 17:50:24 2016 +0200

    auto-commit on 2016-08-17 17:50:24
